<?xml version="1.0" encoding="UTF-8"?>
<!-- Generated by org.testng.reporters.JUnitReportReporter -->
<testsuite hostname="LAPTOP-J2BCKCFL" failures="0" tests="1" name="testCases.TC001_AccountRegistrationTest" time="1.843" errors="0" timestamp="05 Nov 2024 08:34:19 GMT" skipped="0">
  <testcase classname="testCases.TC001_AccountRegistrationTest" name="verifyAccountRegistration" time="1.843"/>
</testsuite> <!-- testCases.TC001_AccountRegistrationTest -->
