<?xml version="1.0" encoding="UTF-8"?>
<!-- Generated by org.testng.reporters.JUnitReportReporter -->
<testsuite hostname="LAPTOP-J2BCKCFL" failures="0" tests="6" name="testCases.TC003_LoginTestDDT" time="31.639" errors="0" timestamp="05 Nov 2024 06:00:31 GMT" skipped="0">
  <testcase classname="testCases.TC003_LoginTestDDT" name="verifyLoginDDT" time="1.556"/>
  <testcase classname="testCases.TC003_LoginTestDDT" name="verifyLoginDDT" time="11.935"/>
  <testcase classname="testCases.TC003_LoginTestDDT" name="verifyLoginDDT" time="2.261"/>
  <testcase classname="testCases.TC003_LoginTestDDT" name="verifyLoginDDT" time="10.975"/>
  <testcase classname="testCases.TC003_LoginTestDDT" name="verifyLoginDDT" time="2.982"/>
  <testcase classname="testCases.TC003_LoginTestDDT" name="verifyLoginDDT" time="1.930"/>
</testsuite> <!-- testCases.TC003_LoginTestDDT -->
