<?xml version="1.0" encoding="UTF-8"?>
<!-- Generated by org.testng.reporters.JUnitReportReporter -->
<testsuite hostname="LAPTOP-J2BCKCFL" failures="0" tests="6" name="testCases.TC003_LoginTestDDT" time="29.757" errors="0" timestamp="23 Nov 2024 17:26:20 GMT" skipped="0">
  <testcase classname="testCases.TC003_LoginTestDDT" name="verifyLoginDDT" time="1.548"/>
  <testcase classname="testCases.TC003_LoginTestDDT" name="verifyLoginDDT" time="2.144"/>
  <testcase classname="testCases.TC003_LoginTestDDT" name="verifyLoginDDT" time="1.666"/>
  <testcase classname="testCases.TC003_LoginTestDDT" name="verifyLoginDDT" time="2.006"/>
  <testcase classname="testCases.TC003_LoginTestDDT" name="verifyLoginDDT" time="11.268"/>
  <testcase classname="testCases.TC003_LoginTestDDT" name="verifyLoginDDT" time="11.125"/>
</testsuite> <!-- testCases.TC003_LoginTestDDT -->
